# JRE version: Java(TM) SE Runtime Environment (8.0_161-b12) (build 1.8.0_161-b12)
# Java VM: Java HotSpot(TM) 64-Bit Server VM (25.161-b12 mixed mode windows-amd64 compressed oops)
Heap:
 PSYoungGen      total 57344K, used 6812K [0x0000000780900000, 0x0000000784900000, 0x00000007c0000000)
  eden space 49152K, 0% used [0x0000000780900000,0x0000000780900000,0x0000000783900000)
  from space 8192K, 83% used [0x0000000784100000,0x00000007847a7360,0x0000000784900000)
  to   space 8192K, 0% used [0x0000000783900000,0x0000000783900000,0x0000000784100000)
 ParOldGen       total 131072K, used 48K [0x0000000701a00000, 0x0000000709a00000, 0x0000000780900000)
  object space 131072K, 0% used [0x0000000701a00000,0x0000000701a0c000,0x0000000709a00000)
 Metaspace       used 20877K, capacity 21204K, committed 21296K, reserved 1069056K
  class space    used 2578K, capacity 2674K, committed 2688K, reserved 1048576K
GC Heap History (9 events):
Event: 2.528 GC heap before
{Heap before GC invocations=1 (full 0):
 PSYoungGen      total 57344K, used 49135K [0x0000000780900000, 0x0000000784900000, 0x00000007c0000000)
  eden space 49152K, 99% used [0x0000000780900000,0x00000007838fbcb8,0x0000000783900000)
  from space 8192K, 0% used [0x0000000784100000,0x0000000784100000,0x0000000784900000)
  to   space 8192K, 0% used [0x0000000783900000,0x0000000783900000,0x0000000784100000)
 ParOldGen       total 131072K, used 0K [0x0000000701a00000, 0x0000000709a00000, 0x0000000780900000)
  object space 131072K, 0% used [0x0000000701a00000,0x0000000701a00000,0x0000000709a00000)
 Metaspace       used 8076K, capacity 8218K, committed 8448K, reserved 1056768K
  class space    used 968K, capacity 985K, committed 1024K, reserved 1048576K
Event: 2.533 GC heap after
Heap after GC invocations=1 (full 0):
 PSYoungGen      total 57344K, used 5738K [0x0000000780900000, 0x0000000784900000, 0x00000007c0000000)
  eden space 49152K, 0% used [0x0000000780900000,0x0000000780900000,0x0000000783900000)
  from space 8192K, 70% used [0x0000000783900000,0x0000000783e9ab38,0x0000000784100000)
  to   space 8192K, 0% used [0x0000000784100000,0x0000000784100000,0x0000000784900000)
 ParOldGen       total 131072K, used 16K [0x0000000701a00000, 0x0000000709a00000, 0x0000000780900000)
  object space 131072K, 0% used [0x0000000701a00000,0x0000000701a04000,0x0000000709a00000)
 Metaspace       used 8076K, capacity 8218K, committed 8448K, reserved 1056768K
  class space    used 968K, capacity 985K, committed 1024K, reserved 1048576K
}
Event: 7.357 GC heap before
{Heap before GC invocations=2 (full 0):
 PSYoungGen      total 57344K, used 54890K [0x0000000780900000, 0x0000000784900000, 0x00000007c0000000)
  eden space 49152K, 100% used [0x0000000780900000,0x0000000783900000,0x0000000783900000)
  from space 8192K, 70% used [0x0000000783900000,0x0000000783e9ab38,0x0000000784100000)
  to   space 8192K, 0% used [0x0000000784100000,0x0000000784100000,0x0000000784900000)
 ParOldGen       total 131072K, used 16K [0x0000000701a00000, 0x0000000709a00000, 0x0000000780900000)
  object space 131072K, 0% used [0x0000000701a00000,0x0000000701a04000,0x0000000709a00000)
 Metaspace       used 15344K, capacity 15656K, committed 15872K, reserved 1062912K
  class space    used 1842K, capacity 1936K, committed 2048K, reserved 1048576K
Event: 7.365 GC heap after
Heap after GC invocations=2 (full 0):
 PSYoungGen      total 57344K, used 5844K [0x0000000780900000, 0x0000000784900000, 0x00000007c0000000)
  eden space 49152K, 0% used [0x0000000780900000,0x0000000780900000,0x0000000783900000)
  from space 8192K, 71% used [0x0000000784100000,0x00000007846b5318,0x0000000784900000)
  to   space 8192K, 0% used [0x0000000783900000,0x0000000783900000,0x0000000784100000)
 ParOldGen       total 131072K, used 32K [0x0000000701a00000, 0x0000000709a00000, 0x0000000780900000)
  object space 131072K, 0% used [0x0000000701a00000,0x0000000701a08000,0x0000000709a00000)
 Metaspace       used 15344K, capacity 15656K, committed 15872K, reserved 1062912K
  class space    used 1842K, capacity 1936K, committed 2048K, reserved 1048576K
}
Event: 9.019 GC heap before
{Heap before GC invocations=3 (full 0):
 PSYoungGen      total 57344K, used 54996K [0x0000000780900000, 0x0000000784900000, 0x00000007c0000000)
  eden space 49152K, 100% used [0x0000000780900000,0x0000000783900000,0x0000000783900000)
  from space 8192K, 71% used [0x0000000784100000,0x00000007846b5318,0x0000000784900000)
  to   space 8192K, 0% used [0x0000000783900000,0x0000000783900000,0x0000000784100000)
 ParOldGen       total 131072K, used 32K [0x0000000701a00000, 0x0000000709a00000, 0x0000000780900000)
  object space 131072K, 0% used [0x0000000701a00000,0x0000000701a08000,0x0000000709a00000)
 Metaspace       used 19006K, capacity 19380K, committed 19712K, reserved 1067008K
  class space    used 2372K, capacity 2450K, committed 2560K, reserved 1048576K
Event: 9.025 GC heap after
Heap after GC invocations=3 (full 0):
 PSYoungGen      total 57344K, used 7856K [0x0000000780900000, 0x0000000784900000, 0x00000007c0000000)
  eden space 49152K, 0% used [0x0000000780900000,0x0000000780900000,0x0000000783900000)
  from space 8192K, 95% used [0x0000000783900000,0x00000007840ac268,0x0000000784100000)
  to   space 8192K, 0% used [0x0000000784100000,0x0000000784100000,0x0000000784900000)
 ParOldGen       total 131072K, used 40K [0x0000000701a00000, 0x0000000709a00000, 0x0000000780900000)
  object space 131072K, 0% used [0x0000000701a00000,0x0000000701a0a000,0x0000000709a00000)
 Metaspace       used 19006K, capacity 19380K, committed 19712K, reserved 1067008K
  class space    used 2372K, capacity 2450K, committed 2560K, reserved 1048576K
}
Event: 9.551 GC heap before
{Heap before GC invocations=4 (full 0):
 PSYoungGen      total 57344K, used 26163K [0x0000000780900000, 0x0000000784900000, 0x00000007c0000000)
  eden space 49152K, 37% used [0x0000000780900000,0x0000000781ae0af8,0x0000000783900000)
  from space 8192K, 95% used [0x0000000783900000,0x00000007840ac268,0x0000000784100000)
  to   space 8192K, 0% used [0x0000000784100000,0x0000000784100000,0x0000000784900000)
 ParOldGen       total 131072K, used 40K [0x0000000701a00000, 0x0000000709a00000, 0x0000000780900000)
  object space 131072K, 0% used [0x0000000701a00000,0x0000000701a0a000,0x0000000709a00000)
 Metaspace       used 20877K, capacity 21204K, committed 21296K, reserved 1069056K
  class space    used 2578K, capacity 2674K, committed 2688K, reserved 1048576K
Event: 9.557 GC heap after
Heap after GC invocations=4 (full 0):
 PSYoungGen      total 57344K, used 6812K [0x0000000780900000, 0x0000000784900000, 0x00000007c0000000)
  eden space 49152K, 0% used [0x0000000780900000,0x0000000780900000,0x0000000783900000)
  from space 8192K, 83% used [0x0000000784100000,0x00000007847a7360,0x0000000784900000)
  to   space 8192K, 0% used [0x0000000783900000,0x0000000783900000,0x0000000784100000)
 ParOldGen       total 131072K, used 48K [0x0000000701a00000, 0x0000000709a00000, 0x0000000780900000)
  object space 131072K, 0% used [0x0000000701a00000,0x0000000701a0c000,0x0000000709a00000)
 Metaspace       used 20877K, capacity 21204K, committed 21296K, reserved 1069056K
  class space    used 2578K, capacity 2674K, committed 2688K, reserved 1048576K
}
Event: 9.557 GC heap before
{Heap before GC invocations=5 (full 1):
 PSYoungGen      total 57344K, used 6812K [0x0000000780900000, 0x0000000784900000, 0x00000007c0000000)
  eden space 49152K, 0% used [0x0000000780900000,0x0000000780900000,0x0000000783900000)
  from space 8192K, 83% used [0x0000000784100000,0x00000007847a7360,0x0000000784900000)
  to   space 8192K, 0% used [0x0000000783900000,0x0000000783900000,0x0000000784100000)
 ParOldGen       total 131072K, used 48K [0x0000000701a00000, 0x0000000709a00000, 0x0000000780900000)
  object space 131072K, 0% used [0x0000000701a00000,0x0000000701a0c000,0x0000000709a00000)
 Metaspace       used 20877K, capacity 21204K, committed 21296K, reserved 1069056K
  class space    used 2578K, capacity 2674K, committed 2688K, reserved 1048576K

